# JRE version: OpenJDK Runtime Environment (11.0.8+10) (build 11.0.8+10-b944.6842174)
# Java VM: OpenJDK 64-Bit Server VM (11.0.8+10-b944.6842174, mixed mode, tiered, compressed oops, g1 gc, windows-amd64)
Heap:
 garbage-first heap   total 262144K, used 63270K [0x00000000a0000000, 0x0000000100000000)
  region size 1024K, 33 young (33792K), 12 survivors (12288K)
 Metaspace       used 43402K, capacity 44346K, committed 44592K, reserved 1087488K
  class space    used 5383K, capacity 5718K, committed 5760K, reserved 1048576K
GC Heap History (18 events):
Event: 0.984 GC heap before
{Heap before GC invocations=0 (full 0):
 garbage-first heap   total 262144K, used 19456K [0x00000000a0000000, 0x0000000100000000)
  region size 1024K, 14 young (14336K), 0 survivors (0K)
 Metaspace       used 7559K, capacity 7733K, committed 7936K, reserved 1056768K
  class space    used 706K, capacity 749K, committed 768K, reserved 1048576K
}
Event: 0.997 GC heap after
{Heap after GC invocations=1 (full 0):
 garbage-first heap   total 262144K, used 8041K [0x00000000a0000000, 0x0000000100000000)
  region size 1024K, 2 young (2048K), 2 survivors (2048K)
 Metaspace       used 7559K, capacity 7733K, committed 7936K, reserved 1056768K
  class space    used 706K, capacity 749K, committed 768K, reserved 1048576K
}
Event: 1.436 GC heap before
{Heap before GC invocations=1 (full 0):
 garbage-first heap   total 262144K, used 20329K [0x00000000a0000000, 0x0000000100000000)
  region size 1024K, 14 young (14336K), 2 survivors (2048K)
 Metaspace       used 10484K, capacity 10697K, committed 11008K, reserved 1058816K
  class space    used 1101K, capacity 1164K, committed 1280K, reserved 1048576K
}
Event: 1.440 GC heap after
{Heap after GC invocations=2 (full 0):
 garbage-first heap   total 262144K, used 8888K [0x00000000a0000000, 0x0000000100000000)
  region size 1024K, 1 young (1024K), 1 survivors (1024K)
 Metaspace       used 10484K, capacity 10697K, committed 11008K, reserved 1058816K
  class space    used 1101K, capacity 1164K, committed 1280K, reserved 1048576K
}
Event: 2.196 GC heap before
{Heap before GC invocations=2 (full 0):
 garbage-first heap   total 262144K, used 38584K [0x00000000a0000000, 0x0000000100000000)
  region size 1024K, 31 young (31744K), 1 survivors (1024K)
 Metaspace       used 10772K, capacity 11041K, committed 11264K, reserved 1058816K
  class space    used 1136K, capacity 1236K, committed 1280K, reserved 1048576K
}
Event: 2.200 GC heap after
{Heap after GC invocations=3 (full 0):
 garbage-first heap   total 262144K, used 13199K [0x00000000a0000000, 0x0000000100000000)
  region size 1024K, 4 young (4096K), 4 survivors (4096K)
 Metaspace       used 10772K, capacity 11041K, committed 11264K, reserved 1058816K
  class space    used 1136K, capacity 1236K, committed 1280K, reserved 1048576K
}
Event: 4.336 GC heap before
{Heap before GC invocations=3 (full 0):
 garbage-first heap   total 262144K, used 56207K [0x00000000a0000000, 0x0000000100000000)
  region size 1024K, 46 young (47104K), 4 survivors (4096K)
 Metaspace       used 19615K, capacity 20034K, committed 20224K, reserved 1067008K
  class space    used 2374K, capacity 2511K, committed 2560K, reserved 1048576K
}
Event: 4.345 GC heap after
{Heap after GC invocations=4 (full 0):
 garbage-first heap   total 262144K, used 16244K [0x00000000a0000000, 0x0000000100000000)
  region size 1024K, 3 young (3072K), 3 survivors (3072K)
 Metaspace       used 19615K, capacity 20034K, committed 20224K, reserved 1067008K
  class space    used 2374K, capacity 2511K, committed 2560K, reserved 1048576K
}
Event: 4.488 GC heap before
{Heap before GC invocations=4 (full 0):
 garbage-first heap   total 262144K, used 19316K [0x00000000a0000000, 0x0000000100000000)
  region size 1024K, 7 young (7168K), 3 survivors (3072K)
 Metaspace       used 20672K, capacity 21169K, committed 21296K, reserved 1069056K
  class space    used 2430K, capacity 2611K, committed 2688K, reserved 1048576K
}
Event: 4.493 GC heap after
{Heap after GC invocations=5 (full 0):
 garbage-first heap   total 262144K, used 16427K [0x00000000a0000000, 0x0000000100000000)
  region size 1024K, 4 young (4096K), 4 survivors (4096K)
 Metaspace       used 20672K, capacity 21169K, committed 21296K, reserved 1069056K
  class space    used 2430K, capacity 2611K, committed 2688K, reserved 1048576K
}
Event: 12.925 GC heap before
{Heap before GC invocations=6 (full 0):
 garbage-first heap   total 262144K, used 89131K [0x00000000a0000000, 0x0000000100000000)
  region size 1024K, 67 young (68608K), 4 survivors (4096K)
 Metaspace       used 27428K, capacity 28200K, committed 28336K, reserved 1073152K
  class space    used 3519K, capacity 3809K, committed 3840K, reserved 1048576K
}
Event: 12.935 GC heap after
{Heap after GC invocations=7 (full 0):
 garbage-first heap   total 262144K, used 30782K [0x00000000a0000000, 0x0000000100000000)
  region size 1024K, 9 young (9216K), 9 survivors (9216K)
 Metaspace       used 27428K, capacity 28200K, committed 28336K, reserved 1073152K
  class space    used 3519K, capacity 3809K, committed 3840K, reserved 1048576K
}
Event: 14.255 GC heap before
{Heap before GC invocations=7 (full 0):
 garbage-first heap   total 262144K, used 77886K [0x00000000a0000000, 0x0000000100000000)
  region size 1024K, 57 young (58368K), 9 survivors (9216K)
 Metaspace       used 35031K, capacity 35786K, committed 35888K, reserved 1081344K
  class space    used 4412K, capacity 4697K, committed 4736K, reserved 1048576K
}
Event: 14.273 GC heap after
{Heap after GC invocations=8 (full 0):
 garbage-first heap   total 262144K, used 33217K [0x00000000a0000000, 0x0000000100000000)
  region size 1024K, 11 young (11264K), 11 survivors (11264K)
 Metaspace       used 35031K, capacity 35786K, committed 35888K, reserved 1081344K
  class space    used 4412K, capacity 4697K, committed 4736K, reserved 1048576K
}
Event: 16.792 GC heap before
{Heap before GC invocations=9 (full 0):
 garbage-first heap   total 262144K, used 181697K [0x00000000a0000000, 0x0000000100000000)
  region size 1024K, 153 young (156672K), 11 survivors (11264K)
 Metaspace       used 43000K, capacity 43957K, committed 44080K, reserved 1087488K
  class space    used 5341K, capacity 5676K, committed 5760K, reserved 1048576K
}
Event: 16.811 GC heap after
{Heap after GC invocations=10 (full 0):
 garbage-first heap   total 262144K, used 38832K [0x00000000a0000000, 0x0000000100000000)
  region size 1024K, 16 young (16384K), 16 survivors (16384K)
 Metaspace       used 43000K, capacity 43957K, committed 44080K, reserved 1087488K
  class space    used 5341K, capacity 5676K, committed 5760K, reserved 1048576K
}
Event: 17.295 GC heap before
{Heap before GC invocations=10 (full 0):
 garbage-first heap   total 262144K, used 179120K [0x00000000a0000000, 0x0000000100000000)
  region size 1024K, 153 young (156672K), 16 survivors (16384K)
 Metaspace       used 43026K, capacity 43957K, committed 44080K, reserved 1087488K
  class space    used 5345K, capacity 5676K, committed 5760K, reserved 1048576K
}
Event: 17.314 GC heap after
{Heap after GC invocations=11 (full 0):
 garbage-first heap   total 262144K, used 42790K [0x00000000a0000000, 0x0000000100000000)
  region size 1024K, 12 young (12288K), 12 survivors (12288K)
 Metaspace       used 43026K, capacity 43957K, committed 44080K, reserved 1087488K
  class space    used 5345K, capacity 5676K, committed 5760K, reserved 1048576K
}

