# JRE version: OpenJDK Runtime Environment (11.0.8+10) (build 11.0.8+10-b944.6842174)
# Java VM: OpenJDK 64-Bit Server VM (11.0.8+10-b944.6842174, mixed mode, tiered, compressed oops, g1 gc, windows-amd64)
Heap:
 garbage-first heap   total 262144K, used 29443K [0x00000000a0000000, 0x0000000100000000)
  region size 1024K, 17 young (17408K), 3 survivors (3072K)
 Metaspace       used 21904K, capacity 22554K, committed 22656K, reserved 1069056K
  class space    used 2668K, capacity 2888K, committed 2944K, reserved 1048576K
GC Heap History (10 events):
Event: 0.912 GC heap before
{Heap before GC invocations=0 (full 0):
 garbage-first heap   total 262144K, used 19456K [0x00000000a0000000, 0x0000000100000000)
  region size 1024K, 14 young (14336K), 0 survivors (0K)
 Metaspace       used 7574K, capacity 7729K, committed 7936K, reserved 1056768K
  class space    used 706K, capacity 749K, committed 768K, reserved 1048576K
}
Event: 0.924 GC heap after
{Heap after GC invocations=1 (full 0):
 garbage-first heap   total 262144K, used 8202K [0x00000000a0000000, 0x0000000100000000)
  region size 1024K, 2 young (2048K), 2 survivors (2048K)
 Metaspace       used 7574K, capacity 7729K, committed 7936K, reserved 1056768K
  class space    used 706K, capacity 749K, committed 768K, reserved 1048576K
}
Event: 1.507 GC heap before
{Heap before GC invocations=1 (full 0):
 garbage-first heap   total 262144K, used 20490K [0x00000000a0000000, 0x0000000100000000)
  region size 1024K, 14 young (14336K), 2 survivors (2048K)
 Metaspace       used 10483K, capacity 10693K, committed 11008K, reserved 1058816K
  class space    used 1101K, capacity 1164K, committed 1280K, reserved 1048576K
}
Event: 1.510 GC heap after
{Heap after GC invocations=2 (full 0):
 garbage-first heap   total 262144K, used 8820K [0x00000000a0000000, 0x0000000100000000)
  region size 1024K, 1 young (1024K), 1 survivors (1024K)
 Metaspace       used 10483K, capacity 10693K, committed 11008K, reserved 1058816K
  class space    used 1101K, capacity 1164K, committed 1280K, reserved 1048576K
}
Event: 2.503 GC heap before
{Heap before GC invocations=2 (full 0):
 garbage-first heap   total 262144K, used 38516K [0x00000000a0000000, 0x0000000100000000)
  region size 1024K, 31 young (31744K), 1 survivors (1024K)
 Metaspace       used 10796K, capacity 11101K, committed 11264K, reserved 1058816K
  class space    used 1136K, capacity 1236K, committed 1280K, reserved 1048576K
}
Event: 2.508 GC heap after
{Heap after GC invocations=3 (full 0):
 garbage-first heap   total 262144K, used 13578K [0x00000000a0000000, 0x0000000100000000)
  region size 1024K, 4 young (4096K), 4 survivors (4096K)
 Metaspace       used 10796K, capacity 11101K, committed 11264K, reserved 1058816K
  class space    used 1136K, capacity 1236K, committed 1280K, reserved 1048576K
}
Event: 4.781 GC heap before
{Heap before GC invocations=3 (full 0):
 garbage-first heap   total 262144K, used 55562K [0x00000000a0000000, 0x0000000100000000)
  region size 1024K, 46 young (47104K), 4 survivors (4096K)
 Metaspace       used 19778K, capacity 20222K, committed 20480K, reserved 1067008K
  class space    used 2379K, capacity 2511K, committed 2560K, reserved 1048576K
}
Event: 4.789 GC heap after
{Heap after GC invocations=4 (full 0):
 garbage-first heap   total 262144K, used 16258K [0x00000000a0000000, 0x0000000100000000)
  region size 1024K, 4 young (4096K), 4 survivors (4096K)
 Metaspace       used 19778K, capacity 20222K, committed 20480K, reserved 1067008K
  class space    used 2379K, capacity 2511K, committed 2560K, reserved 1048576K
}
Event: 4.879 GC heap before
{Heap before GC invocations=4 (full 0):
 garbage-first heap   total 262144K, used 19330K [0x00000000a0000000, 0x0000000100000000)
  region size 1024K, 7 young (7168K), 4 survivors (4096K)
 Metaspace       used 20569K, capacity 21031K, committed 21248K, reserved 1069056K
  class space    used 2416K, capacity 2545K, committed 2560K, reserved 1048576K
}
Event: 4.886 GC heap after
{Heap after GC invocations=5 (full 0):
 garbage-first heap   total 262144K, used 16131K [0x00000000a0000000, 0x0000000100000000)
  region size 1024K, 3 young (3072K), 3 survivors (3072K)
 Metaspace       used 20569K, capacity 21031K, committed 21248K, reserved 1069056K
  class space    used 2416K, capacity 2545K, committed 2560K, reserved 1048576K
}

