# JRE version: OpenJDK Runtime Environment (11.0.8+10) (build 11.0.8+10-b944.6842174)
# Java VM: OpenJDK 64-Bit Server VM (11.0.8+10-b944.6842174, mixed mode, tiered, compressed oops, g1 gc, windows-amd64)
Heap:
 garbage-first heap   total 262144K, used 50520K [0x00000000a0000000, 0x0000000100000000)
  region size 1024K, 22 young (22528K), 7 survivors (7168K)
 Metaspace       used 43254K, capacity 44256K, committed 44572K, reserved 1087488K
  class space    used 5357K, capacity 5689K, committed 5760K, reserved 1048576K
GC Heap History (12 events):
Event: 0.619 GC heap before
{Heap before GC invocations=0 (full 0):
 garbage-first heap   total 262144K, used 20480K [0x00000000a0000000, 0x0000000100000000)
  region size 1024K, 14 young (14336K), 0 survivors (0K)
 Metaspace       used 7553K, capacity 7729K, committed 7936K, reserved 1056768K
  class space    used 706K, capacity 749K, committed 768K, reserved 1048576K
}
Event: 0.623 GC heap after
{Heap after GC invocations=1 (full 0):
 garbage-first heap   total 262144K, used 7793K [0x00000000a0000000, 0x0000000100000000)
  region size 1024K, 2 young (2048K), 2 survivors (2048K)
 Metaspace       used 7553K, capacity 7729K, committed 7936K, reserved 1056768K
  class space    used 706K, capacity 749K, committed 768K, reserved 1048576K
}
Event: 2.922 GC heap before
{Heap before GC invocations=1 (full 0):
 garbage-first heap   total 262144K, used 96881K [0x00000000a0000000, 0x0000000100000000)
  region size 1024K, 90 young (92160K), 2 survivors (2048K)
 Metaspace       used 20742K, capacity 21203K, committed 21296K, reserved 1069056K
  class space    used 2437K, capacity 2649K, committed 2688K, reserved 1048576K
}
Event: 2.934 GC heap after
{Heap after GC invocations=2 (full 0):
 garbage-first heap   total 262144K, used 15561K [0x00000000a0000000, 0x0000000100000000)
  region size 1024K, 10 young (10240K), 10 survivors (10240K)
 Metaspace       used 20742K, capacity 21203K, committed 21296K, reserved 1069056K
  class space    used 2437K, capacity 2649K, committed 2688K, reserved 1048576K
}
Event: 3.186 GC heap before
{Heap before GC invocations=3 (full 0):
 garbage-first heap   total 262144K, used 30921K [0x00000000a0000000, 0x0000000100000000)
  region size 1024K, 26 young (26624K), 10 survivors (10240K)
 Metaspace       used 22261K, capacity 22780K, committed 23088K, reserved 1069056K
  class space    used 2733K, capacity 2921K, committed 2944K, reserved 1048576K
}
Event: 3.195 GC heap after
{Heap after GC invocations=4 (full 0):
 garbage-first heap   total 262144K, used 16342K [0x00000000a0000000, 0x0000000100000000)
  region size 1024K, 1 young (1024K), 1 survivors (1024K)
 Metaspace       used 22261K, capacity 22780K, committed 23088K, reserved 1069056K
  class space    used 2733K, capacity 2921K, committed 2944K, reserved 1048576K
}
Event: 4.662 GC heap before
{Heap before GC invocations=4 (full 0):
 garbage-first heap   total 262144K, used 79830K [0x00000000a0000000, 0x0000000100000000)
  region size 1024K, 54 young (55296K), 1 survivors (1024K)
 Metaspace       used 28091K, capacity 28906K, committed 28976K, reserved 1075200K
  class space    used 3624K, capacity 3900K, committed 3968K, reserved 1048576K
}
Event: 4.669 GC heap after
{Heap after GC invocations=5 (full 0):
 garbage-first heap   total 262144K, used 29654K [0x00000000a0000000, 0x0000000100000000)
  region size 1024K, 5 young (5120K), 5 survivors (5120K)
 Metaspace       used 28091K, capacity 28906K, committed 28976K, reserved 1075200K
  class space    used 3624K, capacity 3900K, committed 3968K, reserved 1048576K
}
Event: 5.333 GC heap before
{Heap before GC invocations=5 (full 0):
 garbage-first heap   total 262144K, used 59350K [0x00000000a0000000, 0x0000000100000000)
  region size 1024K, 36 young (36864K), 5 survivors (5120K)
 Metaspace       used 35091K, capacity 35831K, committed 35888K, reserved 1081344K
  class space    used 4454K, capacity 4718K, committed 4736K, reserved 1048576K
}
Event: 5.342 GC heap after
{Heap after GC invocations=6 (full 0):
 garbage-first heap   total 262144K, used 32321K [0x00000000a0000000, 0x0000000100000000)
  region size 1024K, 8 young (8192K), 8 survivors (8192K)
 Metaspace       used 35091K, capacity 35831K, committed 35888K, reserved 1081344K
  class space    used 4454K, capacity 4718K, committed 4736K, reserved 1048576K
}
Event: 7.255 GC heap before
{Heap before GC invocations=7 (full 0):
 garbage-first heap   total 262144K, used 98881K [0x00000000a0000000, 0x0000000100000000)
  region size 1024K, 71 young (72704K), 8 survivors (8192K)
 Metaspace       used 43197K, capacity 44125K, committed 44316K, reserved 1087488K
  class space    used 5351K, capacity 5688K, committed 5760K, reserved 1048576K
}
Event: 7.269 GC heap after
{Heap after GC invocations=8 (full 0):
 garbage-first heap   total 262144K, used 36184K [0x00000000a0000000, 0x0000000100000000)
  region size 1024K, 7 young (7168K), 7 survivors (7168K)
 Metaspace       used 43197K, capacity 44125K, committed 44316K, reserved 1087488K
  class space    used 5351K, capacity 5688K, committed 5760K, reserved 1048576K
}

